2019-11-24 18:56:05.366  [main] INFO  c.e.proyectsvc.ProductSvcApplication trackingToken:  - Starting ProductSvcApplication on LT1A5CD82395CB with PID 30964 (C:\Users\rsrivas\Documents\PRACTICE-PROJECTS\proyect-svc\target\classes started by rsrivas in C:\Users\rsrivas\Documents\PRACTICE-PROJECTS\proyect-svc)
2019-11-24 18:56:05.372  [main] INFO  c.e.proyectsvc.ProductSvcApplication trackingToken:  - The following profiles are active: local
2019-11-24 18:56:07.145  [main] INFO  o.s.d.r.c.RepositoryConfigurationDelegate trackingToken:  - Bootstrapping Spring Data repositories in DEFAULT mode.
2019-11-24 18:56:07.206  [main] INFO  o.s.d.r.c.RepositoryConfigurationDelegate trackingToken:  - Finished Spring Data repository scanning in 32ms. Found 0 repository interfaces.
2019-11-24 18:56:08.140  [main] INFO  o.s.c.s.PostProcessorRegistrationDelegate$BeanPostProcessorChecker trackingToken:  - Bean 'org.springframework.transaction.annotation.ProxyTransactionManagementConfiguration' of type [org.springframework.transaction.annotation.ProxyTransactionManagementConfiguration] is not eligible for getting processed by all BeanPostProcessors (for example: not eligible for auto-proxying)
2019-11-24 18:56:09.732  [main] INFO  o.s.b.w.e.tomcat.TomcatWebServer trackingToken:  - Tomcat initialized with port(s): 91 (http)
2019-11-24 18:56:09.765  [main] INFO  o.a.coyote.http11.Http11NioProtocol trackingToken:  - Initializing ProtocolHandler ["http-nio-91"]
2019-11-24 18:56:09.766  [main] INFO  o.a.catalina.core.StandardService trackingToken:  - Starting service [Tomcat]
2019-11-24 18:56:09.767  [main] INFO  o.a.catalina.core.StandardEngine trackingToken:  - Starting Servlet engine: [Apache Tomcat/9.0.27]
2019-11-24 18:56:10.040  [main] INFO  o.a.c.c.C.[Tomcat].[localhost].[/] trackingToken:  - Initializing Spring embedded WebApplicationContext
2019-11-24 18:56:10.040  [main] INFO  o.s.web.context.ContextLoader trackingToken:  - Root WebApplicationContext: initialization completed in 4548 ms
2019-11-24 18:56:10.583  [main] INFO  o.h.jpa.internal.util.LogHelper trackingToken:  - HHH000204: Processing PersistenceUnitInfo [name: default]
2019-11-24 18:56:10.804  [main] INFO  org.hibernate.Version trackingToken:  - HHH000412: Hibernate Core {5.4.8.Final}
2019-11-24 18:56:11.290  [main] INFO  o.h.annotations.common.Version trackingToken:  - HCANN000001: Hibernate Commons Annotations {5.1.0.Final}
2019-11-24 18:56:11.615  [main] INFO  com.zaxxer.hikari.HikariDataSource trackingToken:  - HikariPool-1 - Starting...
2019-11-24 18:56:11.997  [main] INFO  com.zaxxer.hikari.HikariDataSource trackingToken:  - HikariPool-1 - Start completed.
2019-11-24 18:56:12.037  [main] INFO  org.hibernate.dialect.Dialect trackingToken:  - HHH000400: Using dialect: org.hibernate.dialect.PostgreSQLDialect
2019-11-24 18:56:14.114  [main] INFO  o.h.e.t.j.p.i.JtaPlatformInitiator trackingToken:  - HHH000490: Using JtaPlatform implementation: [org.hibernate.engine.transaction.jta.platform.internal.NoJtaPlatform]
2019-11-24 18:56:14.135  [main] INFO  o.s.o.j.LocalContainerEntityManagerFactoryBean trackingToken:  - Initialized JPA EntityManagerFactory for persistence unit 'default'
2019-11-24 18:56:14.253  [main] WARN  o.s.b.a.o.j.JpaBaseConfiguration$JpaWebConfiguration trackingToken:  - spring.jpa.open-in-view is enabled by default. Therefore, database queries may be performed during view rendering. Explicitly configure spring.jpa.open-in-view to disable this warning
2019-11-24 18:56:14.703  [main] INFO  o.s.s.c.ThreadPoolTaskExecutor trackingToken:  - Initializing ExecutorService 'applicationTaskExecutor'
2019-11-24 18:56:15.187  [main] INFO  o.a.coyote.http11.Http11NioProtocol trackingToken:  - Starting ProtocolHandler ["http-nio-91"]
2019-11-24 18:56:15.646  [main] INFO  o.s.b.w.e.tomcat.TomcatWebServer trackingToken:  - Tomcat started on port(s): 91 (http) with context path ''
2019-11-24 18:56:16.031  [main] INFO  c.e.proyectsvc.ProductSvcApplication trackingToken:  - Started ProductSvcApplication in 12.303 seconds (JVM running for 15.931)
2019-11-24 18:56:36.206  [SpringContextShutdownHook] INFO  o.s.s.c.ThreadPoolTaskExecutor trackingToken:  - Shutting down ExecutorService 'applicationTaskExecutor'
2019-11-24 18:56:36.208  [SpringContextShutdownHook] INFO  o.s.o.j.LocalContainerEntityManagerFactoryBean trackingToken:  - Closing JPA EntityManagerFactory for persistence unit 'default'
2019-11-24 18:56:36.212  [SpringContextShutdownHook] INFO  com.zaxxer.hikari.HikariDataSource trackingToken:  - HikariPool-1 - Shutdown initiated...
2019-11-24 18:56:36.241  [SpringContextShutdownHook] INFO  com.zaxxer.hikari.HikariDataSource trackingToken:  - HikariPool-1 - Shutdown completed.
2019-11-24 19:06:36.916  [main] INFO  c.e.proyectsvc.ProductSvcApplication trackingToken:  - Starting ProductSvcApplication on LT1A5CD82395CB with PID 131908 (C:\Users\rsrivas\Documents\PRACTICE-PROJECTS\proyect-svc\target\classes started by rsrivas in C:\Users\rsrivas\Documents\PRACTICE-PROJECTS\proyect-svc)
2019-11-24 19:06:36.923  [main] INFO  c.e.proyectsvc.ProductSvcApplication trackingToken:  - The following profiles are active: local
2019-11-24 19:06:38.575  [main] INFO  o.s.d.r.c.RepositoryConfigurationDelegate trackingToken:  - Bootstrapping Spring Data repositories in DEFAULT mode.
2019-11-24 19:06:38.625  [main] INFO  o.s.d.r.c.RepositoryConfigurationDelegate trackingToken:  - Finished Spring Data repository scanning in 28ms. Found 0 repository interfaces.
2019-11-24 19:06:39.402  [main] INFO  o.s.c.s.PostProcessorRegistrationDelegate$BeanPostProcessorChecker trackingToken:  - Bean 'org.springframework.transaction.annotation.ProxyTransactionManagementConfiguration' of type [org.springframework.transaction.annotation.ProxyTransactionManagementConfiguration] is not eligible for getting processed by all BeanPostProcessors (for example: not eligible for auto-proxying)
2019-11-24 19:06:40.738  [main] INFO  o.s.b.w.e.tomcat.TomcatWebServer trackingToken:  - Tomcat initialized with port(s): 91 (http)
2019-11-24 19:06:40.761  [main] INFO  o.a.coyote.http11.Http11NioProtocol trackingToken:  - Initializing ProtocolHandler ["http-nio-91"]
2019-11-24 19:06:40.763  [main] INFO  o.a.catalina.core.StandardService trackingToken:  - Starting service [Tomcat]
2019-11-24 19:06:40.763  [main] INFO  o.a.catalina.core.StandardEngine trackingToken:  - Starting Servlet engine: [Apache Tomcat/9.0.27]
2019-11-24 19:06:41.110  [main] INFO  o.a.c.c.C.[Tomcat].[localhost].[/] trackingToken:  - Initializing Spring embedded WebApplicationContext
2019-11-24 19:06:41.111  [main] INFO  o.s.web.context.ContextLoader trackingToken:  - Root WebApplicationContext: initialization completed in 4037 ms
2019-11-24 19:06:41.490  [main] INFO  o.h.jpa.internal.util.LogHelper trackingToken:  - HHH000204: Processing PersistenceUnitInfo [name: default]
2019-11-24 19:06:41.654  [main] INFO  org.hibernate.Version trackingToken:  - HHH000412: Hibernate Core {5.4.8.Final}
2019-11-24 19:06:41.977  [main] INFO  o.h.annotations.common.Version trackingToken:  - HCANN000001: Hibernate Commons Annotations {5.1.0.Final}
2019-11-24 19:06:42.257  [main] INFO  com.zaxxer.hikari.HikariDataSource trackingToken:  - HikariPool-1 - Starting...
2019-11-24 19:06:42.594  [main] INFO  com.zaxxer.hikari.HikariDataSource trackingToken:  - HikariPool-1 - Start completed.
2019-11-24 19:06:42.635  [main] INFO  org.hibernate.dialect.Dialect trackingToken:  - HHH000400: Using dialect: org.hibernate.dialect.PostgreSQLDialect
2019-11-24 19:06:44.468  [main] INFO  o.h.e.t.j.p.i.JtaPlatformInitiator trackingToken:  - HHH000490: Using JtaPlatform implementation: [org.hibernate.engine.transaction.jta.platform.internal.NoJtaPlatform]
2019-11-24 19:06:44.484  [main] INFO  o.s.o.j.LocalContainerEntityManagerFactoryBean trackingToken:  - Initialized JPA EntityManagerFactory for persistence unit 'default'
2019-11-24 19:06:44.591  [main] WARN  o.s.b.a.o.j.JpaBaseConfiguration$JpaWebConfiguration trackingToken:  - spring.jpa.open-in-view is enabled by default. Therefore, database queries may be performed during view rendering. Explicitly configure spring.jpa.open-in-view to disable this warning
2019-11-24 19:06:44.993  [main] INFO  o.s.s.c.ThreadPoolTaskExecutor trackingToken:  - Initializing ExecutorService 'applicationTaskExecutor'
2019-11-24 19:06:45.413  [main] INFO  o.a.coyote.http11.Http11NioProtocol trackingToken:  - Starting ProtocolHandler ["http-nio-91"]
2019-11-24 19:06:45.479  [main] INFO  o.s.b.w.e.tomcat.TomcatWebServer trackingToken:  - Tomcat started on port(s): 91 (http) with context path ''
2019-11-24 19:06:45.488  [main] INFO  c.e.proyectsvc.ProductSvcApplication trackingToken:  - Started ProductSvcApplication in 9.863 seconds (JVM running for 11.604)
2019-11-24 19:07:11.438  [SpringContextShutdownHook] INFO  o.s.s.c.ThreadPoolTaskExecutor trackingToken:  - Shutting down ExecutorService 'applicationTaskExecutor'
2019-11-24 19:07:11.441  [SpringContextShutdownHook] INFO  o.s.o.j.LocalContainerEntityManagerFactoryBean trackingToken:  - Closing JPA EntityManagerFactory for persistence unit 'default'
2019-11-24 19:07:11.444  [SpringContextShutdownHook] INFO  com.zaxxer.hikari.HikariDataSource trackingToken:  - HikariPool-1 - Shutdown initiated...
2019-11-24 19:07:11.463  [SpringContextShutdownHook] INFO  com.zaxxer.hikari.HikariDataSource trackingToken:  - HikariPool-1 - Shutdown completed.
